<?xml version="1.0" encoding="UTF-8"?>
<!-- Generated by org.testng.reporters.JUnitReportReporter -->
<testsuite skipped="0" hostname="LAPTOP-A5GJABUP" name="com.org.testapi.TestApiGetUsingQueryParams" tests="1" failures="0" timestamp="15 Apr 2021 13:51:37 GMT" time="1.002" errors="0">
  <testcase name="queryParameter" time="1.002" classname="com.org.testapi.TestApiGetUsingQueryParams"/>
</testsuite> <!-- com.org.testapi.TestApiGetUsingQueryParams -->
